<?xml version="1.0" encoding="UTF-8"?>
<testsuite name="org.lenskit.mooc.cbf.WeightedUserProfileBuilderTest" tests="3" skipped="0" failures="0" errors="0" timestamp="2021-04-10T07:22:29" hostname="Chujies-MacBook-Pro.local" time="0.016">
  <properties/>
  <testcase name="testEmptyModel" classname="org.lenskit.mooc.cbf.WeightedUserProfileBuilderTest" time="0.006"/>
  <testcase name="testTwoItemVector" classname="org.lenskit.mooc.cbf.WeightedUserProfileBuilderTest" time="0.004"/>
  <testcase name="testSingleItemVector" classname="org.lenskit.mooc.cbf.WeightedUserProfileBuilderTest" time="0.006"/>
  <system-out><![CDATA[00:22:29.408 [Test worker] INFO  o.l.data.dao.file.StaticDataSource - deriving entity type EntityType[item] from EntityType[item-tag] (column TypedName[item: long])
00:22:29.408 [Test worker] INFO  o.l.data.dao.file.StaticDataSource - deriving entity type EntityType[user] from EntityType[item-tag] (column TypedName[user: long])
00:22:29.408 [Test worker] INFO  o.l.data.dao.file.StaticDataSource - deriving entity type EntityType[item] from EntityType[item-tag] (column TypedName[item: long])
00:22:29.408 [Test worker] DEBUG o.l.d.e.EntityCollectionBuilder - built collection of 3 entities with type EntityType[item] and 2 indexes
00:22:29.408 [Test worker] DEBUG o.l.d.e.EntityCollectionBuilder - built collection of 4 entities with type EntityType[item-tag] and 2 indexes
00:22:29.408 [Test worker] DEBUG o.l.d.e.EntityCollectionBuilder - built collection of 0 entities with type EntityType[user] and 2 indexes
00:22:29.409 [Test worker] INFO  o.l.mooc.cbf.TFIDFModelProvider - Building TF-IDF model
00:22:29.409 [Test worker] INFO  o.l.mooc.cbf.TFIDFModelProvider - Computed TF vectors for 3 items
00:22:29.412 [Test worker] INFO  o.l.data.dao.file.StaticDataSource - deriving entity type EntityType[item] from EntityType[item-tag] (column TypedName[item: long])
00:22:29.412 [Test worker] INFO  o.l.data.dao.file.StaticDataSource - deriving entity type EntityType[user] from EntityType[item-tag] (column TypedName[user: long])
00:22:29.412 [Test worker] INFO  o.l.data.dao.file.StaticDataSource - deriving entity type EntityType[item] from EntityType[item-tag] (column TypedName[item: long])
00:22:29.412 [Test worker] DEBUG o.l.d.e.EntityCollectionBuilder - built collection of 3 entities with type EntityType[item] and 2 indexes
00:22:29.412 [Test worker] DEBUG o.l.d.e.EntityCollectionBuilder - built collection of 4 entities with type EntityType[item-tag] and 2 indexes
00:22:29.413 [Test worker] DEBUG o.l.d.e.EntityCollectionBuilder - built collection of 0 entities with type EntityType[user] and 2 indexes
00:22:29.413 [Test worker] INFO  o.l.mooc.cbf.TFIDFModelProvider - Building TF-IDF model
00:22:29.413 [Test worker] INFO  o.l.mooc.cbf.TFIDFModelProvider - Computed TF vectors for 3 items
00:22:29.416 [Test worker] INFO  o.l.data.dao.file.StaticDataSource - deriving entity type EntityType[item] from EntityType[item-tag] (column TypedName[item: long])
00:22:29.416 [Test worker] INFO  o.l.data.dao.file.StaticDataSource - deriving entity type EntityType[user] from EntityType[item-tag] (column TypedName[user: long])
00:22:29.416 [Test worker] INFO  o.l.data.dao.file.StaticDataSource - deriving entity type EntityType[item] from EntityType[item-tag] (column TypedName[item: long])
00:22:29.416 [Test worker] DEBUG o.l.d.e.EntityCollectionBuilder - built collection of 3 entities with type EntityType[item] and 2 indexes
00:22:29.417 [Test worker] DEBUG o.l.d.e.EntityCollectionBuilder - built collection of 4 entities with type EntityType[item-tag] and 2 indexes
00:22:29.418 [Test worker] DEBUG o.l.d.e.EntityCollectionBuilder - built collection of 0 entities with type EntityType[user] and 2 indexes
00:22:29.418 [Test worker] INFO  o.l.mooc.cbf.TFIDFModelProvider - Building TF-IDF model
00:22:29.418 [Test worker] INFO  o.l.mooc.cbf.TFIDFModelProvider - Computed TF vectors for 3 items
]]></system-out>
  <system-err><![CDATA[]]></system-err>
</testsuite>
