<?xml version="1.0" encoding="UTF-8"?>
<testsuite name="org.lenskit.mooc.cbf.ThresholdUserProfileBuilderTest" tests="4" skipped="0" failures="0" errors="0" timestamp="2021-04-10T07:22:28" hostname="Chujies-MacBook-Pro.local" time="0.549">
  <properties/>
  <testcase name="testEmptyModel" classname="org.lenskit.mooc.cbf.ThresholdUserProfileBuilderTest" time="0.53"/>
  <testcase name="testTwoItemVector" classname="org.lenskit.mooc.cbf.ThresholdUserProfileBuilderTest" time="0.009"/>
  <testcase name="testSingleItemVector" classname="org.lenskit.mooc.cbf.ThresholdUserProfileBuilderTest" time="0.005"/>
  <testcase name="testOneItemVectorBecauseThreshold" classname="org.lenskit.mooc.cbf.ThresholdUserProfileBuilderTest" time="0.002"/>
  <system-out><![CDATA[00:22:29.352 [Test worker] INFO  o.l.data.dao.file.StaticDataSource - deriving entity type EntityType[item] from EntityType[item-tag] (column TypedName[item: long])
00:22:29.358 [Test worker] INFO  o.l.data.dao.file.StaticDataSource - deriving entity type EntityType[user] from EntityType[item-tag] (column TypedName[user: long])
00:22:29.358 [Test worker] INFO  o.l.data.dao.file.StaticDataSource - deriving entity type EntityType[item] from EntityType[item-tag] (column TypedName[item: long])
00:22:29.364 [Test worker] DEBUG o.l.d.e.EntityCollectionBuilder - built collection of 3 entities with type EntityType[item] and 2 indexes
00:22:29.367 [Test worker] DEBUG o.l.d.e.EntityCollectionBuilder - built collection of 4 entities with type EntityType[item-tag] and 2 indexes
00:22:29.367 [Test worker] DEBUG o.l.d.e.EntityCollectionBuilder - built collection of 0 entities with type EntityType[user] and 2 indexes
00:22:29.368 [Test worker] INFO  o.l.mooc.cbf.TFIDFModelProvider - Building TF-IDF model
00:22:29.377 [Test worker] INFO  o.l.mooc.cbf.TFIDFModelProvider - Computed TF vectors for 3 items
00:22:29.386 [Test worker] INFO  o.l.data.dao.file.StaticDataSource - deriving entity type EntityType[item] from EntityType[item-tag] (column TypedName[item: long])
00:22:29.386 [Test worker] INFO  o.l.data.dao.file.StaticDataSource - deriving entity type EntityType[user] from EntityType[item-tag] (column TypedName[user: long])
00:22:29.386 [Test worker] INFO  o.l.data.dao.file.StaticDataSource - deriving entity type EntityType[item] from EntityType[item-tag] (column TypedName[item: long])
00:22:29.386 [Test worker] DEBUG o.l.d.e.EntityCollectionBuilder - built collection of 3 entities with type EntityType[item] and 2 indexes
00:22:29.386 [Test worker] DEBUG o.l.d.e.EntityCollectionBuilder - built collection of 4 entities with type EntityType[item-tag] and 2 indexes
00:22:29.387 [Test worker] DEBUG o.l.d.e.EntityCollectionBuilder - built collection of 0 entities with type EntityType[user] and 2 indexes
00:22:29.387 [Test worker] INFO  o.l.mooc.cbf.TFIDFModelProvider - Building TF-IDF model
00:22:29.387 [Test worker] INFO  o.l.mooc.cbf.TFIDFModelProvider - Computed TF vectors for 3 items
00:22:29.397 [Test worker] INFO  o.l.data.dao.file.StaticDataSource - deriving entity type EntityType[item] from EntityType[item-tag] (column TypedName[item: long])
00:22:29.397 [Test worker] INFO  o.l.data.dao.file.StaticDataSource - deriving entity type EntityType[user] from EntityType[item-tag] (column TypedName[user: long])
00:22:29.397 [Test worker] INFO  o.l.data.dao.file.StaticDataSource - deriving entity type EntityType[item] from EntityType[item-tag] (column TypedName[item: long])
00:22:29.398 [Test worker] DEBUG o.l.d.e.EntityCollectionBuilder - built collection of 3 entities with type EntityType[item] and 2 indexes
00:22:29.398 [Test worker] DEBUG o.l.d.e.EntityCollectionBuilder - built collection of 4 entities with type EntityType[item-tag] and 2 indexes
00:22:29.398 [Test worker] DEBUG o.l.d.e.EntityCollectionBuilder - built collection of 0 entities with type EntityType[user] and 2 indexes
00:22:29.398 [Test worker] INFO  o.l.mooc.cbf.TFIDFModelProvider - Building TF-IDF model
00:22:29.398 [Test worker] INFO  o.l.mooc.cbf.TFIDFModelProvider - Computed TF vectors for 3 items
00:22:29.401 [Test worker] INFO  o.l.data.dao.file.StaticDataSource - deriving entity type EntityType[item] from EntityType[item-tag] (column TypedName[item: long])
00:22:29.401 [Test worker] INFO  o.l.data.dao.file.StaticDataSource - deriving entity type EntityType[user] from EntityType[item-tag] (column TypedName[user: long])
00:22:29.401 [Test worker] INFO  o.l.data.dao.file.StaticDataSource - deriving entity type EntityType[item] from EntityType[item-tag] (column TypedName[item: long])
00:22:29.401 [Test worker] DEBUG o.l.d.e.EntityCollectionBuilder - built collection of 3 entities with type EntityType[item] and 2 indexes
00:22:29.401 [Test worker] DEBUG o.l.d.e.EntityCollectionBuilder - built collection of 4 entities with type EntityType[item-tag] and 2 indexes
00:22:29.401 [Test worker] DEBUG o.l.d.e.EntityCollectionBuilder - built collection of 0 entities with type EntityType[user] and 2 indexes
00:22:29.401 [Test worker] INFO  o.l.mooc.cbf.TFIDFModelProvider - Building TF-IDF model
00:22:29.401 [Test worker] INFO  o.l.mooc.cbf.TFIDFModelProvider - Computed TF vectors for 3 items
]]></system-out>
  <system-err><![CDATA[]]></system-err>
</testsuite>
